Using pre-set license
Built from '2021.3/staging' branch; Version is '2021.3.4f1 (cb45f9cae8b7) revision 13321721'; Using compiler version '192829333'; Build Type 'Release'
OS: 'Windows 11  (10.0.22000) 64bit Core' Language: 'ja' Physical Memory: 16221 MB
BatchMode: 1, IsHumanControllingUs: 0, StartBugReporterOnCrash: 0, Is64bit: 1, IsPro: 1

COMMAND LINE ARGUMENTS:
F:\Unity2021.3.4f1\2021.3.4f1\Editor\Unity.exe
-adb2
-batchMode
-noUpm
-name
AssetImportWorker2
-projectPath
C:/Users/itsuk/Documents/Chalk_ver.1/school_2/school_2
-logFile
Logs/AssetImportWorker2.log
-srvPort
52318
Successfully changed project path to: C:/Users/itsuk/Documents/Chalk_ver.1/school_2/school_2
C:/Users/itsuk/Documents/Chalk_ver.1/school_2/school_2
[UnityMemory] Configuration Parameters - Can be set up in boot.config
    "memorysetup-bucket-allocator-granularity=16"
    "memorysetup-bucket-allocator-bucket-count=8"
    "memorysetup-bucket-allocator-block-size=33554432"
    "memorysetup-bucket-allocator-block-count=8"
    "memorysetup-main-allocator-block-size=16777216"
    "memorysetup-thread-allocator-block-size=16777216"
    "memorysetup-gfx-main-allocator-block-size=16777216"
    "memorysetup-gfx-thread-allocator-block-size=16777216"
    "memorysetup-cache-allocator-block-size=4194304"
    "memorysetup-typetree-allocator-block-size=2097152"
    "memorysetup-profiler-bucket-allocator-granularity=16"
    "memorysetup-profiler-bucket-allocator-bucket-count=8"
    "memorysetup-profiler-bucket-allocator-block-size=33554432"
    "memorysetup-profiler-bucket-allocator-block-count=8"
    "memorysetup-profiler-allocator-block-size=16777216"
    "memorysetup-profiler-editor-allocator-block-size=1048576"
    "memorysetup-temp-allocator-size-main=16777216"
    "memorysetup-job-temp-allocator-block-size=2097152"
    "memorysetup-job-temp-allocator-block-size-background=1048576"
    "memorysetup-job-temp-allocator-reduction-small-platforms=262144"
    "memorysetup-temp-allocator-size-background-worker=32768"
    "memorysetup-temp-allocator-size-job-worker=262144"
    "memorysetup-temp-allocator-size-preload-manager=33554432"
    "memorysetup-temp-allocator-size-nav-mesh-worker=65536"
    "memorysetup-temp-allocator-size-audio-worker=65536"
    "memorysetup-temp-allocator-size-cloud-worker=32768"
    "memorysetup-temp-allocator-size-gi-baking-worker=262144"
    "memorysetup-temp-allocator-size-gfx=262144"
Refreshing native plugins compatible for Editor in 64.41 ms, found 3 plugins.
Preloading 0 native plugins for Editor in 0.00 ms.
Initialize engine version: 2021.3.4f1 (cb45f9cae8b7)
[Subsystems] Discovering subsystems at path F:/Unity2021.3.4f1/2021.3.4f1/Editor/Data/Resources/UnitySubsystems
[Subsystems] Discovering subsystems at path C:/Users/itsuk/Documents/Chalk_ver.1/school_2/school_2/Assets
GfxDevice: creating device client; threaded=0; jobified=0
Direct3D:
    Version:  Direct3D 11.0 [level 11.1]
    Renderer: NVIDIA GeForce GTX 1060 6GB (ID=0x1c03)
    Vendor:   NVIDIA
    VRAM:     6052 MB
    Driver:   30.0.15.1179
Initialize mono
Mono path[0] = 'F:/Unity2021.3.4f1/2021.3.4f1/Editor/Data/Managed'
Mono path[1] = 'F:/Unity2021.3.4f1/2021.3.4f1/Editor/Data/MonoBleedingEdge/lib/mono/unityjit-win32'
Mono config path = 'F:/Unity2021.3.4f1/2021.3.4f1/Editor/Data/MonoBleedingEdge/etc'
Using monoOptions --debugger-agent=transport=dt_socket,embedding=1,server=y,suspend=n,address=127.0.0.1:56760
Begin MonoManager ReloadAssembly
Registering precompiled unity dll's ...
Register platform support module: F:/Unity2021.3.4f1/2021.3.4f1/Editor/Data/PlaybackEngines/WebGLSupport/UnityEditor.WebGL.Extensions.dll
Register platform support module: F:/Unity2021.3.4f1/2021.3.4f1/Editor/Data/PlaybackEngines/WindowsStandaloneSupport/UnityEditor.WindowsStandalone.Extensions.dll
Registered in 0.006399 seconds.
Native extension for WindowsStandalone target not found
Native extension for WebGL target not found
Refreshing native plugins compatible for Editor in 65.08 ms, found 3 plugins.
Preloading 0 native plugins for Editor in 0.00 ms.
Mono: successfully reloaded assembly
- Completed reload, in  0.625 seconds
Domain Reload Profiling:
	ReloadAssembly (626ms)
		BeginReloadAssembly (134ms)
			ExecutionOrderSort (0ms)
			DisableScriptedObjects (0ms)
			BackupInstance (0ms)
			ReleaseScriptingObjects (0ms)
			CreateAndSetChildDomain (1ms)
		EndReloadAssembly (400ms)
			LoadAssemblies (135ms)
			RebuildTransferFunctionScriptingTraits (0ms)
			SetupTypeCache (121ms)
			ReleaseScriptCaches (0ms)
			RebuildScriptCaches (22ms)
			SetupLoadedEditorAssemblies (215ms)
				LogAssemblyErrors (0ms)
				InitializePlatformSupportModulesInManaged (5ms)
				SetLoadedEditorAssemblies (0ms)
				RefreshPlugins (65ms)
				BeforeProcessingInitializeOnLoad (1ms)
				ProcessInitializeOnLoadAttributes (105ms)
				ProcessInitializeOnLoadMethodAttributes (39ms)
				AfterProcessingInitializeOnLoad (0ms)
				EditorAssembliesLoaded (0ms)
			ExecutionOrderSort2 (0ms)
			AwakeInstancesAfterBackupRestoration (0ms)
Platform modules already initialized, skipping
Registering precompiled user dll's ...
Registered in 0.005327 seconds.
Begin MonoManager ReloadAssembly
Symbol file LoadedFromMemory doesn't match image C:\Users\itsuk\Documents\Chalk_ver.1\school_2\school_2\Library\PackageCache\com.unity.visualscripting@1.7.8\Editor\VisualScripting.Core\Dependencies\YamlDotNet\Unity.VisualScripting.YamlDotNet.dll
Symbol file LoadedFromMemory doesn't match image C:\Users\itsuk\Documents\Chalk_ver.1\school_2\school_2\Library\PackageCache\com.unity.visualscripting@1.7.8\Editor\VisualScripting.Core\Dependencies\DotNetZip\Unity.VisualScripting.IonicZip.dll
Native extension for WindowsStandalone target not found
Native extension for WebGL target not found
Refreshing native plugins compatible for Editor in 0.47 ms, found 3 plugins.
Preloading 0 native plugins for Editor in 0.00 ms.
Mono: successfully reloaded assembly
- Completed reload, in  0.836 seconds
Domain Reload Profiling:
	ReloadAssembly (837ms)
		BeginReloadAssembly (81ms)
			ExecutionOrderSort (0ms)
			DisableScriptedObjects (4ms)
			BackupInstance (0ms)
			ReleaseScriptingObjects (0ms)
			CreateAndSetChildDomain (15ms)
		EndReloadAssembly (664ms)
			LoadAssemblies (78ms)
			RebuildTransferFunctionScriptingTraits (0ms)
			SetupTypeCache (180ms)
			ReleaseScriptCaches (0ms)
			RebuildScriptCaches (45ms)
			SetupLoadedEditorAssemblies (326ms)
				LogAssemblyErrors (0ms)
				InitializePlatformSupportModulesInManaged (4ms)
				SetLoadedEditorAssemblies (0ms)
				RefreshPlugins (1ms)
				BeforeProcessingInitializeOnLoad (62ms)
				ProcessInitializeOnLoadAttributes (229ms)
				ProcessInitializeOnLoadMethodAttributes (28ms)
				AfterProcessingInitializeOnLoad (2ms)
				EditorAssembliesLoaded (0ms)
			ExecutionOrderSort2 (0ms)
			AwakeInstancesAfterBackupRestoration (5ms)
Platform modules already initialized, skipping
========================================================================
Worker process is ready to serve import requests
Launched and connected shader compiler UnityShaderCompiler.exe after 0.08 seconds
Refreshing native plugins compatible for Editor in 0.43 ms, found 3 plugins.
Preloading 0 native plugins for Editor in 0.00 ms.
Unloading 3458 Unused Serialized files (Serialized files now loaded: 0)
Unloading 38 unused Assets / (129.0 KB). Loaded Objects now: 3917.
Memory consumption went from 120.8 MB to 120.7 MB.
Total: 2.390300 ms (FindLiveObjects: 0.228000 ms CreateObjectMapping: 0.121000 ms MarkObjects: 1.948300 ms  DeleteObjects: 0.092000 ms)

AssetImportParameters requested are different than current active one (requested -> active):
  custom:video-decoder-ogg-theora: a1e56fd34408186e4bbccfd4996cb3dc -> 
  custom:container-muxer-webm: aa71ff27fc2769a1b78a27578f13a17b -> 
  custom:container-demuxer-webm: 4f35f7cbe854078d1ac9338744f61a02 -> 
  custom:video-encoder-webm-vp8: eb34c28f22e8b96e1ab97ce403110664 -> 
  custom:audio-encoder-webm-vorbis: bf7c407c2cedff20999df2af8eb42d56 -> 
  custom:framework-win-MediaFoundation: 216162199b28c13a410421893ffa2e32 -> 
  custom:container-demuxer-ogg: 62fdf1f143b41e24485cea50d1cbac27 -> 
  custom:video-decoder-webm-vp8: 9c59270c3fd7afecdb556c50c9e8de78 -> 
  custom:audio-decoder-ogg-vorbis: bf7c407c2cedff20999df2af8eb42d56 -> 
========================================================================
Received Import Request.
  Time since last request: 789900.266882 seconds.
  path: Assets/3Dモデル/texture/yamakage/shelf/shelf.fbx
  artifactKey: Guid(dc97ab97093506e4ebd24f3dd4b1aeaf) Importer(815301076,1909f56bfc062723c751e8b465ee728b)
Start importing Assets/3Dモデル/texture/yamakage/shelf/shelf.fbx using Guid(dc97ab97093506e4ebd24f3dd4b1aeaf) Importer(815301076,1909f56bfc062723c751e8b465ee728b)  -> (artifact id: 'd45a733a4601fce620e9331564d84294') in 0.140687 seconds 
========================================================================
Received Import Request.
  Time since last request: 21.400341 seconds.
  path: Assets/3Dモデル/texture/yamakage/ruler/ruler_main_1001_BaseColor.png
  artifactKey: Guid(19c95f3d6dab45b4ebb0751f973bcd49) Importer(815301076,1909f56bfc062723c751e8b465ee728b)
Start importing Assets/3Dモデル/texture/yamakage/ruler/ruler_main_1001_BaseColor.png using Guid(19c95f3d6dab45b4ebb0751f973bcd49) Importer(815301076,1909f56bfc062723c751e8b465ee728b)  -> (artifact id: '8efaa16b60ce277ba8cc76a6c72ab3b0') in 0.032012 seconds 
========================================================================
Received Import Request.
  Time since last request: 0.641260 seconds.
  path: Assets/3Dモデル/チョーク/chalk.png
  artifactKey: Guid(15b2b29fc4aa41c43b43eeec054a73d8) Importer(815301076,1909f56bfc062723c751e8b465ee728b)
Start importing Assets/3Dモデル/チョーク/chalk.png using Guid(15b2b29fc4aa41c43b43eeec054a73d8) Importer(815301076,1909f56bfc062723c751e8b465ee728b)  -> (artifact id: '2c0f7d947f9a21283926bc37057c435c') in 0.008379 seconds 
========================================================================
Received Import Request.
  Time since last request: 2.081421 seconds.
  path: Assets/3Dモデル/定規類/ruler.png
  artifactKey: Guid(9e7389bd75437794faaa41dc65c1e284) Importer(815301076,1909f56bfc062723c751e8b465ee728b)
Start importing Assets/3Dモデル/定規類/ruler.png using Guid(9e7389bd75437794faaa41dc65c1e284) Importer(815301076,1909f56bfc062723c751e8b465ee728b)  -> (artifact id: 'd04f6cf518606a7e9edc0d6c84591764') in 0.008591 seconds 
========================================================================
Received Import Request.
  Time since last request: 0.568562 seconds.
  path: Assets/3Dモデル/教室/school.fbx
  artifactKey: Guid(2f8061d2bbd515e47be3447684fa8dfc) Importer(815301076,1909f56bfc062723c751e8b465ee728b)
Start importing Assets/3Dモデル/教室/school.fbx using Guid(2f8061d2bbd515e47be3447684fa8dfc) Importer(815301076,1909f56bfc062723c751e8b465ee728b)  -> (artifact id: '34e4078e0a73553fb998e862cce75ba4') in 0.311866 seconds 
========================================================================
Received Import Request.
  Time since last request: 1.094462 seconds.
  path: Assets/3Dモデル/机/desk.fbx
  artifactKey: Guid(0abe9ab5ef772b24aa886eb9a1eb1c63) Importer(815301076,1909f56bfc062723c751e8b465ee728b)
Start importing Assets/3Dモデル/机/desk.fbx using Guid(0abe9ab5ef772b24aa886eb9a1eb1c63) Importer(815301076,1909f56bfc062723c751e8b465ee728b)  -> (artifact id: 'ea7e4d0e132e9d885b6f0f32e66eb1f1') in 0.068827 seconds 
========================================================================
Received Import Request.
  Time since last request: 0.613992 seconds.
  path: Assets/3Dモデル/椅子/chair_1.fbx
  artifactKey: Guid(cc7c837364532ab49b567222103a814f) Importer(815301076,1909f56bfc062723c751e8b465ee728b)
Start importing Assets/3Dモデル/椅子/chair_1.fbx using Guid(cc7c837364532ab49b567222103a814f) Importer(815301076,1909f56bfc062723c751e8b465ee728b)  -> (artifact id: 'fe835699caf8dadcd75eb40167e532aa') in 0.088836 seconds 
========================================================================
Received Import Request.
  Time since last request: 1.205581 seconds.
  path: Assets/3Dモデル/消しゴム/eraser.fbx
  artifactKey: Guid(9755bb553eb839449907025b230b5468) Importer(815301076,1909f56bfc062723c751e8b465ee728b)
Start importing Assets/3Dモデル/消しゴム/eraser.fbx using Guid(9755bb553eb839449907025b230b5468) Importer(815301076,1909f56bfc062723c751e8b465ee728b)  -> (artifact id: '4879d84b29de80e6bac51e29ed9e3047') in 0.032349 seconds 
========================================================================
Received Import Request.
  Time since last request: 9.850777 seconds.
  path: Assets/3Dモデル/texture/yamakage/glass_main/glass.fbx
  artifactKey: Guid(385cf29a6e16abe4e85cc1f43c8922c4) Importer(815301076,1909f56bfc062723c751e8b465ee728b)
Start importing Assets/3Dモデル/texture/yamakage/glass_main/glass.fbx using Guid(385cf29a6e16abe4e85cc1f43c8922c4) Importer(815301076,1909f56bfc062723c751e8b465ee728b)  -> (artifact id: '73bb1d49be7e042b43362004553a5bb0') in 0.168274 seconds 
========================================================================
Received Import Request.
  Time since last request: 0.528154 seconds.
  path: Assets/3Dモデル/texture/yamakage/room/room.fbx
  artifactKey: Guid(5c7ee11535b78ec4d97320071d33f87e) Importer(815301076,1909f56bfc062723c751e8b465ee728b)
Start importing Assets/3Dモデル/texture/yamakage/room/room.fbx using Guid(5c7ee11535b78ec4d97320071d33f87e) Importer(815301076,1909f56bfc062723c751e8b465ee728b)  -> (artifact id: 'ee39476395438de1e2988fb27f528c62') in 0.045309 seconds 
========================================================================
Received Import Request.
  Time since last request: 0.000038 seconds.
  path: Assets/3Dモデル/texture/yamakage/room/room_main_1002_BaseColor.png
  artifactKey: Guid(afc49f8d9db1adc4db9a1d0f68ccbbc8) Importer(815301076,1909f56bfc062723c751e8b465ee728b)
Start importing Assets/3Dモデル/texture/yamakage/room/room_main_1002_BaseColor.png using Guid(afc49f8d9db1adc4db9a1d0f68ccbbc8) Importer(815301076,1909f56bfc062723c751e8b465ee728b)  -> (artifact id: '56c947f8181821469ecee8b541bda8ff') in 0.010860 seconds 
========================================================================
Received Import Request.
  Time since last request: 4.138164 seconds.
  path: Assets/3Dモデル/texture/yamakage/gadget/gadget.fbx
  artifactKey: Guid(d75cb2ac2f9c6704e82cb0eeca83d985) Importer(815301076,1909f56bfc062723c751e8b465ee728b)
Start importing Assets/3Dモデル/texture/yamakage/gadget/gadget.fbx using Guid(d75cb2ac2f9c6704e82cb0eeca83d985) Importer(815301076,1909f56bfc062723c751e8b465ee728b)  -> (artifact id: '09b948c934cdcf913d0b61dd16051b6f') in 0.061372 seconds 
========================================================================
Received Import Request.
  Time since last request: 0.000023 seconds.
  path: Assets/3Dモデル/texture/yamakage/gadget/gadget_main_1005_Metalness.png
  artifactKey: Guid(c6bba6ab0c3a8bb4390696320edb4d4d) Importer(815301076,1909f56bfc062723c751e8b465ee728b)
Start importing Assets/3Dモデル/texture/yamakage/gadget/gadget_main_1005_Metalness.png using Guid(c6bba6ab0c3a8bb4390696320edb4d4d) Importer(815301076,1909f56bfc062723c751e8b465ee728b)  -> (artifact id: '89327945909d5b0a1369363b1a078d54') in 0.013759 seconds 
========================================================================
Received Import Request.
  Time since last request: 0.000021 seconds.
  path: Assets/3Dモデル/texture/yamakage/gadget/gadget_main_1005_BaseColor.png
  artifactKey: Guid(8707c3c0a82920848aa0ba2c37fff7a9) Importer(815301076,1909f56bfc062723c751e8b465ee728b)
Start importing Assets/3Dモデル/texture/yamakage/gadget/gadget_main_1005_BaseColor.png using Guid(8707c3c0a82920848aa0ba2c37fff7a9) Importer(815301076,1909f56bfc062723c751e8b465ee728b)  -> (artifact id: '41aa6e4368b301135b2f23d3bf2361ce') in 0.013324 seconds 
